<?xml version="1.0" encoding="UTF-8"?>
<testng-results ignored="0" total="1" passed="1" failed="0" skipped="0">
  <reporter-output>
  </reporter-output>
  <suite started-at="2024-12-30T21:29:49 IST" name="Default suite" finished-at="2024-12-30T21:30:01 IST" duration-ms="11956">
    <groups>
    </groups>
    <test started-at="2024-12-30T21:29:49 IST" name="Default test" finished-at="2024-12-30T21:30:01 IST" duration-ms="11956">
      <class name="tests.TS_007_LogoutTest">
        <test-method is-config="true" signature="openbrowser()[pri:0, instance:tests.TS_007_LogoutTest@4681c175]" started-at="2024-12-30T21:29:49 IST" name="openbrowser" finished-at="2024-12-30T21:29:52 IST" duration-ms="3106" status="PASS">
          <reporter-output>
          </reporter-output>
        </test-method> <!-- openbrowser -->
        <test-method signature="validateLogoutFunctionality()[pri:0, instance:tests.TS_007_LogoutTest@4681c175]" started-at="2024-12-30T21:29:52 IST" name="validateLogoutFunctionality" finished-at="2024-12-30T21:30:01 IST" duration-ms="8802" status="PASS">
          <reporter-output>
          </reporter-output>
        </test-method> <!-- validateLogoutFunctionality -->
      </class> <!-- tests.TS_007_LogoutTest -->
    </test> <!-- Default test -->
  </suite> <!-- Default suite -->
</testng-results>
